<?xml version="1.0" ?>
<!DOCTYPE coverage SYSTEM "http://cobertura.sourceforge.net/xml/coverage-04.dtd">
<coverage lines-valid="97" lines-covered="97" line-rate="1" branches-valid="25" branches-covered="25" branch-rate="1" timestamp="1635660980922" complexity="0" version="0.1">
  <sources>
    <source>/Users/dustin/Desktop/yangmei/ym-code-testing</source>
  </sources>
  <packages>
    <package name="demo" line-rate="1" branch-rate="1">
      <classes>
        <class name="data.ts" filename="demo/data.ts" line-rate="1" branch-rate="1">
          <methods>
            <method name="(anonymous_0)" hits="8" signature="()V">
              <lines>
                <line number="3" hits="8"/>
              </lines>
            </method>
            <method name="(anonymous_1)" hits="7" signature="()V">
              <lines>
                <line number="16" hits="7"/>
              </lines>
            </method>
          </methods>
          <lines>
            <line number="3" hits="1" branch="false"/>
            <line number="4" hits="8" branch="false"/>
            <line number="5" hits="8" branch="false"/>
            <line number="6" hits="720" branch="false"/>
            <line number="13" hits="8" branch="false"/>
            <line number="16" hits="1" branch="false"/>
            <line number="17" hits="7" branch="false"/>
          </lines>
        </class>
      </classes>
    </package>
    <package name="src.table" line-rate="1" branch-rate="1">
      <classes>
        <class name="index.vue" filename="src/table/index.vue" line-rate="1" branch-rate="1">
          <methods>
            <method name="(anonymous_2)" hits="13" signature="()V">
              <lines>
                <line number="75" hits="13"/>
              </lines>
            </method>
            <method name="(anonymous_3)" hits="1" signature="()V">
              <lines>
                <line number="85" hits="1"/>
              </lines>
            </method>
            <method name="(anonymous_4)" hits="24" signature="()V">
              <lines>
                <line number="88" hits="24"/>
              </lines>
            </method>
            <method name="(anonymous_5)" hits="16" signature="()V">
              <lines>
                <line number="91" hits="16"/>
              </lines>
            </method>
            <method name="(anonymous_6)" hits="16" signature="()V">
              <lines>
                <line number="94" hits="16"/>
              </lines>
            </method>
            <method name="(anonymous_7)" hits="24" signature="()V">
              <lines>
                <line number="100" hits="24"/>
              </lines>
            </method>
            <method name="(anonymous_8)" hits="7" signature="()V">
              <lines>
                <line number="115" hits="7"/>
              </lines>
            </method>
            <method name="(anonymous_9)" hits="49" signature="()V">
              <lines>
                <line number="117" hits="49"/>
              </lines>
            </method>
            <method name="(anonymous_10)" hits="1" signature="()V">
              <lines>
                <line number="137" hits="1"/>
              </lines>
            </method>
          </methods>
          <lines>
            <line number="60" hits="1" branch="false"/>
            <line number="61" hits="1" branch="false"/>
            <line number="62" hits="1" branch="false"/>
            <line number="63" hits="1" branch="false"/>
            <line number="64" hits="1" branch="false"/>
            <line number="65" hits="1" branch="false"/>
            <line number="67" hits="1" branch="false"/>
            <line number="76" hits="13" branch="false"/>
            <line number="82" hits="13" branch="false"/>
            <line number="85" hits="14" branch="false"/>
            <line number="88" hits="37" branch="false"/>
            <line number="91" hits="29" branch="false"/>
            <line number="94" hits="29" branch="false"/>
            <line number="97" hits="13" branch="false"/>
            <line number="100" hits="13" branch="false"/>
            <line number="101" hits="24" branch="false"/>
            <line number="102" hits="24" branch="false"/>
            <line number="105" hits="24" branch="true" condition-coverage="100% (1/1)"/>
            <line number="106" hits="17" branch="false"/>
            <line number="107" hits="17" branch="false"/>
            <line number="111" hits="7" branch="false"/>
            <line number="115" hits="13" branch="false"/>
            <line number="116" hits="7" branch="true" condition-coverage="100% (2/2)"/>
            <line number="117" hits="7" branch="false"/>
            <line number="118" hits="49" branch="false"/>
            <line number="119" hits="49" branch="true" condition-coverage="100% (1/1)"/>
            <line number="120" hits="38" branch="true" condition-coverage="100% (1/1)"/>
            <line number="121" hits="30" branch="true" condition-coverage="100% (2/2)"/>
            <line number="123" hits="8" branch="true" condition-coverage="100% (1/1)"/>
            <line number="124" hits="5" branch="true" condition-coverage="100% (2/2)"/>
            <line number="126" hits="3" branch="false"/>
            <line number="128" hits="11" branch="false"/>
            <line number="129" hits="11" branch="true" condition-coverage="100% (2/2)"/>
            <line number="137" hits="13" branch="false"/>
            <line number="138" hits="1" branch="false"/>
            <line number="141" hits="13" branch="false"/>
          </lines>
        </class>
      </classes>
    </package>
    <package name="src.table.components" line-rate="1" branch-rate="1">
      <classes>
        <class name="pagination.vue" filename="src/table/components/pagination.vue" line-rate="1" branch-rate="1">
          <methods>
            <method name="(anonymous_1)" hits="1" signature="()V">
              <lines>
                <line number="49" hits="1"/>
              </lines>
            </method>
            <method name="(anonymous_2)" hits="4" signature="()V">
              <lines>
                <line number="50" hits="4"/>
              </lines>
            </method>
            <method name="(anonymous_3)" hits="4" signature="()V">
              <lines>
                <line number="51" hits="4"/>
              </lines>
            </method>
            <method name="(anonymous_4)" hits="1" signature="()V">
              <lines>
                <line number="52" hits="1"/>
              </lines>
            </method>
          </methods>
          <lines>
            <line number="34" hits="1" branch="false"/>
            <line number="50" hits="5" branch="false"/>
            <line number="51" hits="5" branch="false"/>
            <line number="52" hits="1" branch="false"/>
            <line number="54" hits="1" branch="false"/>
            <line number="55" hits="1" branch="false"/>
            <line number="56" hits="1" branch="false"/>
            <line number="57" hits="9" branch="false"/>
            <line number="59" hits="1" branch="false"/>
            <line number="62" hits="1" branch="false"/>
          </lines>
        </class>
      </classes>
    </package>
    <package name="src.table.ts" line-rate="1" branch-rate="1">
      <classes>
        <class name="pagination.ts" filename="src/table/ts/pagination.ts" line-rate="1" branch-rate="1">
          <methods>
            <method name="(anonymous_0)" hits="13" signature="()V">
              <lines>
                <line number="6" hits="13"/>
              </lines>
            </method>
            <method name="(anonymous_1)" hits="1" signature="()V">
              <lines>
                <line number="14" hits="1"/>
              </lines>
            </method>
            <method name="(anonymous_2)" hits="1" signature="()V">
              <lines>
                <line number="20" hits="1"/>
              </lines>
            </method>
            <method name="(anonymous_3)" hits="1" signature="()V">
              <lines>
                <line number="29" hits="1"/>
              </lines>
            </method>
          </methods>
          <lines>
            <line number="4" hits="1" branch="false"/>
            <line number="9" hits="13" branch="false"/>
            <line number="14" hits="13" branch="false"/>
            <line number="15" hits="1" branch="false"/>
            <line number="16" hits="1" branch="false"/>
            <line number="20" hits="13" branch="false"/>
            <line number="21" hits="1" branch="false"/>
            <line number="22" hits="1" branch="false"/>
            <line number="29" hits="13" branch="false"/>
            <line number="30" hits="1" branch="false"/>
            <line number="31" hits="1" branch="false"/>
            <line number="34" hits="13" branch="false"/>
          </lines>
        </class>
        <class name="sort.ts" filename="src/table/ts/sort.ts" line-rate="1" branch-rate="1">
          <methods>
            <method name="(anonymous_0)" hits="13" signature="()V">
              <lines>
                <line number="10" hits="13"/>
              </lines>
            </method>
            <method name="(anonymous_1)" hits="8" signature="()V">
              <lines>
                <line number="19" hits="8"/>
              </lines>
            </method>
            <method name="(anonymous_2)" hits="1" signature="()V">
              <lines>
                <line number="37" hits="1"/>
              </lines>
            </method>
            <method name="(anonymous_3)" hits="95" signature="()V">
              <lines>
                <line number="44" hits="95"/>
              </lines>
            </method>
            <method name="(anonymous_4)" hits="68" signature="()V">
              <lines>
                <line number="49" hits="68"/>
              </lines>
            </method>
            <method name="(anonymous_5)" hits="64" signature="()V">
              <lines>
                <line number="54" hits="64"/>
              </lines>
            </method>
          </methods>
          <lines>
            <line number="5" hits="1" branch="false"/>
            <line number="7" hits="1" branch="false"/>
            <line number="8" hits="1" branch="false"/>
            <line number="13" hits="13" branch="false"/>
            <line number="19" hits="13" branch="false"/>
            <line number="21" hits="8" branch="true" condition-coverage="100% (5/5)"/>
            <line number="22" hits="1" branch="false"/>
            <line number="23" hits="1" branch="false"/>
            <line number="27" hits="7" branch="true" condition-coverage="100% (4/4)"/>
            <line number="28" hits="1" branch="false"/>
            <line number="29" hits="1" branch="false"/>
            <line number="31" hits="6" branch="false"/>
            <line number="32" hits="6" branch="false"/>
            <line number="33" hits="6" branch="false"/>
            <line number="37" hits="13" branch="false"/>
            <line number="38" hits="1" branch="false"/>
            <line number="39" hits="1" branch="false"/>
            <line number="40" hits="1" branch="false"/>
            <line number="44" hits="13" branch="false"/>
            <line number="45" hits="95" branch="false"/>
            <line number="49" hits="13" branch="false"/>
            <line number="50" hits="68" branch="false"/>
            <line number="54" hits="13" branch="false"/>
            <line number="55" hits="64" branch="true" condition-coverage="100% (2/2)"/>
            <line number="56" hits="7" branch="true" condition-coverage="100% (2/2)"/>
            <line number="58" hits="57" branch="false"/>
            <line number="61" hits="13" branch="false"/>
          </lines>
        </class>
        <class name="types.ts" filename="src/table/ts/types.ts" line-rate="1" branch-rate="1">
          <methods>
            <method name="(anonymous_0)" hits="7" signature="()V">
              <lines>
                <line number="66" hits="7"/>
              </lines>
            </method>
            <method name="(anonymous_1)" hits="1" signature="()V">
              <lines>
                <line number="70" hits="1"/>
              </lines>
            </method>
            <method name="(anonymous_2)" hits="10" signature="()V">
              <lines>
                <line number="82" hits="10"/>
              </lines>
            </method>
            <method name="(anonymous_3)" hits="12" signature="()V">
              <lines>
                <line number="92" hits="12"/>
              </lines>
            </method>
          </methods>
          <lines>
            <line number="63" hits="1" branch="false"/>
            <line number="66" hits="7" branch="false"/>
            <line number="70" hits="1" branch="false"/>
            <line number="83" hits="10" branch="false"/>
            <line number="93" hits="12" branch="false"/>
          </lines>
        </class>
      </classes>
    </package>
  </packages>
</coverage>
