<?xml version="1.0" ?>
<!DOCTYPE coverage SYSTEM "http://cobertura.sourceforge.net/xml/coverage-04.dtd">
<coverage lines-valid="102" lines-covered="102" line-rate="1" branches-valid="23" branches-covered="23" branch-rate="1" timestamp="1636028559081" complexity="0" version="0.1">
  <sources>
    <source>/Users/dustin/Desktop/yangmei/ym-code-testing</source>
  </sources>
  <packages>
    <package name="demo" line-rate="1" branch-rate="1">
      <classes>
        <class name="data.ts" filename="demo/data.ts" line-rate="1" branch-rate="1">
          <methods>
            <method name="(anonymous_0)" hits="5" signature="()V">
              <lines>
                <line number="3" hits="5"/>
              </lines>
            </method>
            <method name="(anonymous_1)" hits="1" signature="()V">
              <lines>
                <line number="16" hits="1"/>
              </lines>
            </method>
            <method name="(anonymous_2)" hits="6" signature="()V">
              <lines>
                <line number="30" hits="6"/>
              </lines>
            </method>
          </methods>
          <lines>
            <line number="3" hits="1" branch="false"/>
            <line number="4" hits="5" branch="false"/>
            <line number="5" hits="5" branch="false"/>
            <line number="6" hits="450" branch="false"/>
            <line number="13" hits="5" branch="false"/>
            <line number="16" hits="1" branch="false"/>
            <line number="17" hits="1" branch="false"/>
            <line number="18" hits="1" branch="false"/>
            <line number="19" hits="1" branch="false"/>
            <line number="20" hits="5" branch="false"/>
            <line number="27" hits="1" branch="false"/>
            <line number="30" hits="1" branch="false"/>
            <line number="31" hits="6" branch="false"/>
          </lines>
        </class>
      </classes>
    </package>
    <package name="src.pagination" line-rate="1" branch-rate="1">
      <classes>
        <class name="index.vue" filename="src/pagination/index.vue" line-rate="1" branch-rate="1">
          <methods>
            <method name="(anonymous_2)" hits="1" signature="()V">
              <lines>
                <line number="44" hits="1"/>
              </lines>
            </method>
            <method name="(anonymous_3)" hits="2" signature="()V">
              <lines>
                <line number="57" hits="2"/>
              </lines>
            </method>
            <method name="(anonymous_4)" hits="2" signature="()V">
              <lines>
                <line number="63" hits="2"/>
              </lines>
            </method>
            <method name="(anonymous_5)" hits="2" signature="()V">
              <lines>
                <line number="66" hits="2"/>
              </lines>
            </method>
            <method name="(anonymous_6)" hits="5" signature="()V">
              <lines>
                <line number="69" hits="5"/>
              </lines>
            </method>
            <method name="(anonymous_7)" hits="5" signature="()V">
              <lines>
                <line number="70" hits="5"/>
              </lines>
            </method>
            <method name="(anonymous_8)" hits="5" signature="()V">
              <lines>
                <line number="72" hits="5"/>
              </lines>
            </method>
            <method name="(anonymous_9)" hits="5" signature="()V">
              <lines>
                <line number="82" hits="5"/>
              </lines>
            </method>
          </methods>
          <lines>
            <line number="34" hits="2" branch="false"/>
            <line number="36" hits="2" branch="false"/>
            <line number="37" hits="2" branch="false"/>
            <line number="39" hits="2" branch="false"/>
            <line number="41" hits="2" branch="false"/>
            <line number="45" hits="1" branch="false"/>
            <line number="60" hits="2" branch="false"/>
            <line number="63" hits="4" branch="false"/>
            <line number="66" hits="4" branch="false"/>
            <line number="69" hits="7" branch="false"/>
            <line number="70" hits="7" branch="false"/>
            <line number="72" hits="2" branch="false"/>
            <line number="75" hits="5" branch="true" condition-coverage="100% (1/1)"/>
            <line number="76" hits="1" branch="false"/>
            <line number="77" hits="1" branch="false"/>
            <line number="82" hits="2" branch="false"/>
            <line number="83" hits="5" branch="false"/>
            <line number="84" hits="5" branch="false"/>
            <line number="87" hits="2" branch="false"/>
          </lines>
        </class>
      </classes>
    </package>
    <package name="src.pagination.hooks" line-rate="1" branch-rate="1">
      <classes>
        <class name="pagination.ts" filename="src/pagination/hooks/pagination.ts" line-rate="1" branch-rate="1">
          <methods>
            <method name="(anonymous_0)" hits="2" signature="()V">
              <lines>
                <line number="6" hits="2"/>
              </lines>
            </method>
            <method name="(anonymous_1)" hits="1" signature="()V">
              <lines>
                <line number="14" hits="1"/>
              </lines>
            </method>
            <method name="(anonymous_2)" hits="1" signature="()V">
              <lines>
                <line number="20" hits="1"/>
              </lines>
            </method>
            <method name="(anonymous_3)" hits="2" signature="()V">
              <lines>
                <line number="29" hits="2"/>
              </lines>
            </method>
          </methods>
          <lines>
            <line number="4" hits="2" branch="false"/>
            <line number="9" hits="2" branch="false"/>
            <line number="14" hits="2" branch="false"/>
            <line number="15" hits="1" branch="false"/>
            <line number="16" hits="1" branch="false"/>
            <line number="20" hits="2" branch="false"/>
            <line number="21" hits="1" branch="false"/>
            <line number="22" hits="1" branch="false"/>
            <line number="29" hits="2" branch="false"/>
            <line number="30" hits="2" branch="false"/>
            <line number="31" hits="2" branch="false"/>
            <line number="34" hits="2" branch="false"/>
          </lines>
        </class>
      </classes>
    </package>
    <package name="src.table" line-rate="1" branch-rate="1">
      <classes>
        <class name="index.vue" filename="src/table/index.vue" line-rate="1" branch-rate="1">
          <methods>
            <method name="(anonymous_2)" hits="7" signature="()V">
              <lines>
                <line number="63" hits="7"/>
              </lines>
            </method>
            <method name="(anonymous_3)" hits="14" signature="()V">
              <lines>
                <line number="70" hits="14"/>
              </lines>
            </method>
            <method name="(anonymous_4)" hits="8" signature="()V">
              <lines>
                <line number="73" hits="8"/>
              </lines>
            </method>
            <method name="(anonymous_5)" hits="14" signature="()V">
              <lines>
                <line number="79" hits="14"/>
              </lines>
            </method>
            <method name="(anonymous_6)" hits="7" signature="()V">
              <lines>
                <line number="94" hits="7"/>
              </lines>
            </method>
            <method name="(anonymous_7)" hits="291" signature="()V">
              <lines>
                <line number="96" hits="291"/>
              </lines>
            </method>
          </methods>
          <lines>
            <line number="53" hits="1" branch="false"/>
            <line number="54" hits="1" branch="false"/>
            <line number="55" hits="1" branch="false"/>
            <line number="56" hits="1" branch="false"/>
            <line number="58" hits="1" branch="false"/>
            <line number="65" hits="7" branch="false"/>
            <line number="70" hits="21" branch="false"/>
            <line number="73" hits="15" branch="true" condition-coverage="100% (2/2)"/>
            <line number="76" hits="7" branch="false"/>
            <line number="79" hits="7" branch="false"/>
            <line number="80" hits="14" branch="false"/>
            <line number="81" hits="14" branch="false"/>
            <line number="84" hits="14" branch="true" condition-coverage="100% (1/1)"/>
            <line number="85" hits="7" branch="false"/>
            <line number="86" hits="7" branch="false"/>
            <line number="90" hits="7" branch="false"/>
            <line number="94" hits="7" branch="false"/>
            <line number="95" hits="7" branch="true" condition-coverage="100% (2/2)"/>
            <line number="96" hits="7" branch="false"/>
            <line number="97" hits="291" branch="false"/>
            <line number="98" hits="291" branch="true" condition-coverage="100% (1/1)"/>
            <line number="99" hits="283" branch="true" condition-coverage="100% (1/1)"/>
            <line number="100" hits="275" branch="true" condition-coverage="100% (2/2)"/>
            <line number="102" hits="8" branch="true" condition-coverage="100% (1/1)"/>
            <line number="103" hits="6" branch="true" condition-coverage="100% (2/2)"/>
            <line number="105" hits="2" branch="false"/>
            <line number="107" hits="8" branch="false"/>
            <line number="108" hits="8" branch="true" condition-coverage="100% (2/2)"/>
            <line number="112" hits="7" branch="false"/>
          </lines>
        </class>
        <class name="types.ts" filename="src/table/types.ts" line-rate="1" branch-rate="1">
          <methods>
            <method name="(anonymous_0)" hits="2" signature="()V">
              <lines>
                <line number="68" hits="2"/>
              </lines>
            </method>
            <method name="(anonymous_1)" hits="1" signature="()V">
              <lines>
                <line number="72" hits="1"/>
              </lines>
            </method>
            <method name="(anonymous_2)" hits="5" signature="()V">
              <lines>
                <line number="84" hits="5"/>
              </lines>
            </method>
          </methods>
          <lines>
            <line number="65" hits="1" branch="false"/>
            <line number="68" hits="2" branch="false"/>
            <line number="72" hits="1" branch="false"/>
            <line number="85" hits="5" branch="false"/>
          </lines>
        </class>
      </classes>
    </package>
    <package name="src.table.hooks" line-rate="1" branch-rate="1">
      <classes>
        <class name="sort.ts" filename="src/table/hooks/sort.ts" line-rate="1" branch-rate="1">
          <methods>
            <method name="(anonymous_0)" hits="7" signature="()V">
              <lines>
                <line number="12" hits="7"/>
              </lines>
            </method>
            <method name="(anonymous_1)" hits="6" signature="()V">
              <lines>
                <line number="21" hits="6"/>
              </lines>
            </method>
            <method name="(anonymous_2)" hits="1" signature="()V">
              <lines>
                <line number="35" hits="1"/>
              </lines>
            </method>
            <method name="(anonymous_3)" hits="72" signature="()V">
              <lines>
                <line number="42" hits="72"/>
              </lines>
            </method>
            <method name="(anonymous_4)" hits="310" signature="()V">
              <lines>
                <line number="45" hits="310"/>
              </lines>
            </method>
            <method name="(anonymous_5)" hits="52" signature="()V">
              <lines>
                <line number="48" hits="52"/>
              </lines>
            </method>
          </methods>
          <lines>
            <line number="5" hits="1" branch="false"/>
            <line number="6" hits="1" branch="false"/>
            <line number="8" hits="1" branch="false"/>
            <line number="9" hits="1" branch="false"/>
            <line number="10" hits="1" branch="false"/>
            <line number="15" hits="7" branch="false"/>
            <line number="21" hits="7" branch="false"/>
            <line number="24" hits="6" branch="true" condition-coverage="100% (4/4)"/>
            <line number="25" hits="1" branch="false"/>
            <line number="26" hits="1" branch="false"/>
            <line number="28" hits="5" branch="false"/>
            <line number="29" hits="5" branch="false"/>
            <line number="30" hits="5" branch="false"/>
            <line number="31" hits="5" branch="false"/>
            <line number="35" hits="7" branch="false"/>
            <line number="36" hits="1" branch="false"/>
            <line number="37" hits="1" branch="false"/>
            <line number="38" hits="1" branch="false"/>
            <line number="42" hits="72" branch="false"/>
            <line number="45" hits="310" branch="false"/>
            <line number="48" hits="7" branch="false"/>
            <line number="49" hits="52" branch="true" condition-coverage="100% (2/2)"/>
            <line number="50" hits="7" branch="true" condition-coverage="100% (2/2)"/>
            <line number="52" hits="45" branch="false"/>
            <line number="55" hits="7" branch="false"/>
          </lines>
        </class>
      </classes>
    </package>
  </packages>
</coverage>
