{"/Users/dustin/Desktop/yangmei/ym-code-testing/demo/data.ts": {"path":"/Users/dustin/Desktop/yangmei/ym-code-testing/demo/data.ts","statementMap":{"0":{"start":{"line":3,"column":23},"end":{"line":14,"column":1}},"1":{"start":{"line":4,"column":17},"end":{"line":4,"column":19}},"2":{"start":{"line":5,"column":4},"end":{"line":12,"column":7}},"3":{"start":{"line":5,"column":17},"end":{"line":5,"column":18}},"4":{"start":{"line":6,"column":8},"end":{"line":11,"column":10}},"5":{"start":{"line":13,"column":4},"end":{"line":13,"column":16}},"6":{"start":{"line":16,"column":26},"end":{"line":32,"column":1}},"7":{"start":{"line":17,"column":4},"end":{"line":31,"column":8}}},"fnMap":{"0":{"name":"(anonymous_0)","decl":{"start":{"line":3,"column":23},"end":{"line":3,"column":24}},"loc":{"start":{"line":3,"column":29},"end":{"line":14,"column":1}},"line":3},"1":{"name":"(anonymous_1)","decl":{"start":{"line":16,"column":26},"end":{"line":16,"column":27}},"loc":{"start":{"line":16,"column":32},"end":{"line":32,"column":1}},"line":16}},"branchMap":{},"s":{"0":1,"1":8,"2":8,"3":8,"4":720,"5":8,"6":1,"7":7},"f":{"0":8,"1":7},"b":{},"_coverageSchema":"1a1c01bbd47fc00a2c39e90264f33305004495a9","hash":"eb2241dbf3e88224518f4f0dafa3ff4cb40f5dac"}
,"/Users/dustin/Desktop/yangmei/ym-code-testing/src/table/index.vue": {"path":"/Users/dustin/Desktop/yangmei/ym-code-testing/src/table/index.vue","statementMap":{"0":{"start":{"line":60,"column":0},"end":{"line":60,"column":null}},"1":{"start":{"line":61,"column":0},"end":{"line":61,"column":null}},"2":{"start":{"line":62,"column":0},"end":{"line":62,"column":null}},"3":{"start":{"line":63,"column":0},"end":{"line":63,"column":null}},"4":{"start":{"line":64,"column":0},"end":{"line":64,"column":null}},"5":{"start":{"line":65,"column":0},"end":{"line":65,"column":null}},"6":{"start":{"line":67,"column":0},"end":{"line":67,"column":null}},"7":{"start":{"line":76,"column":0},"end":{"line":76,"column":null}},"8":{"start":{"line":82,"column":0},"end":{"line":82,"column":null}},"9":{"start":{"line":85,"column":0},"end":{"line":85,"column":null}},"10":{"start":{"line":88,"column":0},"end":{"line":88,"column":null}},"11":{"start":{"line":91,"column":0},"end":{"line":91,"column":null}},"12":{"start":{"line":94,"column":0},"end":{"line":94,"column":null}},"13":{"start":{"line":97,"column":0},"end":{"line":97,"column":null}},"14":{"start":{"line":100,"column":0},"end":{"line":112,"column":null}},"15":{"start":{"line":101,"column":0},"end":{"line":101,"column":null}},"16":{"start":{"line":102,"column":0},"end":{"line":102,"column":null}},"17":{"start":{"line":105,"column":0},"end":{"line":108,"column":null}},"18":{"start":{"line":106,"column":0},"end":{"line":106,"column":null}},"19":{"start":{"line":107,"column":0},"end":{"line":107,"column":null}},"20":{"start":{"line":111,"column":0},"end":{"line":111,"column":null}},"21":{"start":{"line":115,"column":0},"end":{"line":131,"column":null}},"22":{"start":{"line":116,"column":0},"end":{"line":116,"column":null}},"23":{"start":{"line":117,"column":0},"end":{"line":130,"column":null}},"24":{"start":{"line":118,"column":0},"end":{"line":118,"column":null}},"25":{"start":{"line":119,"column":0},"end":{"line":127,"column":null}},"26":{"start":{"line":120,"column":0},"end":{"line":122,"column":null}},"27":{"start":{"line":121,"column":0},"end":{"line":121,"column":null}},"28":{"start":{"line":123,"column":0},"end":{"line":125,"column":null}},"29":{"start":{"line":124,"column":0},"end":{"line":124,"column":null}},"30":{"start":{"line":126,"column":0},"end":{"line":126,"column":null}},"31":{"start":{"line":128,"column":0},"end":{"line":128,"column":null}},"32":{"start":{"line":129,"column":0},"end":{"line":129,"column":null}},"33":{"start":{"line":137,"column":0},"end":{"line":139,"column":null}},"34":{"start":{"line":138,"column":0},"end":{"line":138,"column":null}},"35":{"start":{"line":141,"column":0},"end":{"line":141,"column":null}}},"fnMap":{"0":{"name":"(anonymous_2)","decl":{"start":{"line":75,"column":0},"end":{"line":75,"column":null}},"loc":{"start":{"line":75,"column":0},"end":{"line":158,"column":null}}},"1":{"name":"(anonymous_3)","decl":{"start":{"line":85,"column":0},"end":{"line":85,"column":null}},"loc":{"start":{"line":85,"column":0},"end":{"line":85,"column":null}}},"2":{"name":"(anonymous_4)","decl":{"start":{"line":88,"column":0},"end":{"line":88,"column":null}},"loc":{"start":{"line":88,"column":0},"end":{"line":88,"column":null}}},"3":{"name":"(anonymous_5)","decl":{"start":{"line":91,"column":0},"end":{"line":91,"column":null}},"loc":{"start":{"line":91,"column":0},"end":{"line":91,"column":null}}},"4":{"name":"(anonymous_6)","decl":{"start":{"line":94,"column":0},"end":{"line":94,"column":null}},"loc":{"start":{"line":94,"column":0},"end":{"line":94,"column":null}}},"5":{"name":"(anonymous_7)","decl":{"start":{"line":100,"column":0},"end":{"line":100,"column":null}},"loc":{"start":{"line":100,"column":0},"end":{"line":112,"column":null}}},"6":{"name":"(anonymous_8)","decl":{"start":{"line":115,"column":0},"end":{"line":115,"column":null}},"loc":{"start":{"line":115,"column":0},"end":{"line":131,"column":null}}},"7":{"name":"(anonymous_9)","decl":{"start":{"line":117,"column":0},"end":{"line":117,"column":null}},"loc":{"start":{"line":117,"column":0},"end":{"line":130,"column":null}}},"8":{"name":"(anonymous_10)","decl":{"start":{"line":137,"column":0},"end":{"line":137,"column":null}},"loc":{"start":{"line":137,"column":0},"end":{"line":139,"column":null}}}},"branchMap":{"0":{"loc":{"start":{"line":105,"column":0},"end":{"line":108,"column":null}},"type":"if","locations":[{"start":{"line":105,"column":0},"end":{"line":108,"column":null}}]},"1":{"loc":{"start":{"line":116,"column":0},"end":{"line":116,"column":null}},"type":"cond-expr","locations":[{"start":{"line":116,"column":0},"end":{"line":116,"column":null}},{"start":{"line":116,"column":0},"end":{"line":116,"column":null}}]},"2":{"loc":{"start":{"line":119,"column":0},"end":{"line":127,"column":null}},"type":"if","locations":[{"start":{"line":119,"column":0},"end":{"line":127,"column":null}}]},"3":{"loc":{"start":{"line":120,"column":0},"end":{"line":122,"column":null}},"type":"if","locations":[{"start":{"line":120,"column":0},"end":{"line":122,"column":null}}]},"4":{"loc":{"start":{"line":121,"column":0},"end":{"line":121,"column":null}},"type":"cond-expr","locations":[{"start":{"line":121,"column":0},"end":{"line":121,"column":null}},{"start":{"line":121,"column":0},"end":{"line":121,"column":null}}]},"5":{"loc":{"start":{"line":123,"column":0},"end":{"line":125,"column":null}},"type":"if","locations":[{"start":{"line":123,"column":0},"end":{"line":125,"column":null}}]},"6":{"loc":{"start":{"line":124,"column":0},"end":{"line":124,"column":null}},"type":"cond-expr","locations":[{"start":{"line":124,"column":0},"end":{"line":124,"column":null}},{"start":{"line":124,"column":0},"end":{"line":124,"column":null}}]},"7":{"loc":{"start":{"line":129,"column":0},"end":{"line":129,"column":null}},"type":"cond-expr","locations":[{"start":{"line":129,"column":0},"end":{"line":129,"column":null}},{"start":{"line":129,"column":0},"end":{"line":129,"column":null}}]}},"s":{"0":1,"1":1,"2":1,"3":1,"4":1,"5":1,"6":1,"7":13,"8":13,"9":14,"10":37,"11":29,"12":29,"13":13,"14":13,"15":24,"16":24,"17":24,"18":17,"19":17,"20":7,"21":13,"22":7,"23":7,"24":49,"25":49,"26":38,"27":30,"28":8,"29":5,"30":3,"31":11,"32":11,"33":13,"34":1,"35":13},"f":{"0":13,"1":1,"2":24,"3":16,"4":16,"5":24,"6":7,"7":49,"8":1},"b":{"0":[17],"1":[4,3],"2":[38],"3":[30],"4":[19,11],"5":[5],"6":[3,2],"7":[5,6]}}
,"/Users/dustin/Desktop/yangmei/ym-code-testing/src/table/components/pagination.vue": {"path":"/Users/dustin/Desktop/yangmei/ym-code-testing/src/table/components/pagination.vue","statementMap":{"0":{"start":{"line":34,"column":0},"end":{"line":34,"column":null}},"1":{"start":{"line":50,"column":0},"end":{"line":50,"column":null}},"2":{"start":{"line":51,"column":0},"end":{"line":51,"column":null}},"3":{"start":{"line":52,"column":0},"end":{"line":60,"column":null}},"4":{"start":{"line":54,"column":0},"end":{"line":54,"column":null}},"5":{"start":{"line":55,"column":0},"end":{"line":55,"column":null}},"6":{"start":{"line":56,"column":0},"end":{"line":58,"column":null}},"7":{"start":{"line":56,"column":0},"end":{"line":56,"column":null}},"8":{"start":{"line":57,"column":0},"end":{"line":57,"column":null}},"9":{"start":{"line":59,"column":0},"end":{"line":59,"column":null}},"10":{"start":{"line":62,"column":0},"end":{"line":62,"column":null}}},"fnMap":{"0":{"name":"(anonymous_1)","decl":{"start":{"line":49,"column":0},"end":{"line":49,"column":null}},"loc":{"start":{"line":49,"column":0},"end":{"line":67,"column":null}}},"1":{"name":"(anonymous_2)","decl":{"start":{"line":50,"column":0},"end":{"line":50,"column":null}},"loc":{"start":{"line":50,"column":0},"end":{"line":50,"column":null}}},"2":{"name":"(anonymous_3)","decl":{"start":{"line":51,"column":0},"end":{"line":51,"column":null}},"loc":{"start":{"line":51,"column":0},"end":{"line":51,"column":null}}},"3":{"name":"(anonymous_4)","decl":{"start":{"line":52,"column":0},"end":{"line":52,"column":null}},"loc":{"start":{"line":52,"column":0},"end":{"line":60,"column":null}}}},"branchMap":{},"s":{"0":1,"1":5,"2":5,"3":1,"4":1,"5":1,"6":1,"7":1,"8":9,"9":1,"10":1},"f":{"0":1,"1":4,"2":4,"3":1},"b":{}}
,"/Users/dustin/Desktop/yangmei/ym-code-testing/src/table/ts/pagination.ts": {"path":"/Users/dustin/Desktop/yangmei/ym-code-testing/src/table/ts/pagination.ts","statementMap":{"0":{"start":{"line":4,"column":14},"end":{"line":4,"column":34}},"1":{"start":{"line":9,"column":18},"end":{"line":11,"column":6}},"2":{"start":{"line":14,"column":16},"end":{"line":17,"column":5}},"3":{"start":{"line":15,"column":8},"end":{"line":15,"column":23}},"4":{"start":{"line":16,"column":8},"end":{"line":16,"column":28}},"5":{"start":{"line":20,"column":17},"end":{"line":23,"column":5}},"6":{"start":{"line":21,"column":8},"end":{"line":21,"column":23}},"7":{"start":{"line":22,"column":8},"end":{"line":22,"column":28}},"8":{"start":{"line":29,"column":22},"end":{"line":32,"column":5}},"9":{"start":{"line":30,"column":8},"end":{"line":30,"column":25}},"10":{"start":{"line":31,"column":8},"end":{"line":31,"column":37}},"11":{"start":{"line":34,"column":4},"end":{"line":39,"column":5}}},"fnMap":{"0":{"name":"(anonymous_0)","decl":{"start":{"line":6,"column":15},"end":{"line":6,"column":16}},"loc":{"start":{"line":6,"column":34},"end":{"line":40,"column":1}},"line":6},"1":{"name":"(anonymous_1)","decl":{"start":{"line":14,"column":16},"end":{"line":14,"column":17}},"loc":{"start":{"line":14,"column":22},"end":{"line":17,"column":5}},"line":14},"2":{"name":"(anonymous_2)","decl":{"start":{"line":20,"column":17},"end":{"line":20,"column":18}},"loc":{"start":{"line":20,"column":23},"end":{"line":23,"column":5}},"line":20},"3":{"name":"(anonymous_3)","decl":{"start":{"line":29,"column":22},"end":{"line":29,"column":23}},"loc":{"start":{"line":29,"column":40},"end":{"line":32,"column":5}},"line":29}},"branchMap":{},"s":{"0":1,"1":13,"2":13,"3":1,"4":1,"5":13,"6":1,"7":1,"8":13,"9":1,"10":1,"11":13},"f":{"0":13,"1":1,"2":1,"3":1},"b":{},"_coverageSchema":"1a1c01bbd47fc00a2c39e90264f33305004495a9","hash":"6f23a58f51c4b5bb0a19864c8006d1e6fd3e59bd"}
,"/Users/dustin/Desktop/yangmei/ym-code-testing/src/table/ts/sort.ts": {"path":"/Users/dustin/Desktop/yangmei/ym-code-testing/src/table/ts/sort.ts","statementMap":{"0":{"start":{"line":5,"column":14},"end":{"line":5,"column":28}},"1":{"start":{"line":7,"column":12},"end":{"line":7,"column":17}},"2":{"start":{"line":8,"column":13},"end":{"line":8,"column":19}},"3":{"start":{"line":13,"column":18},"end":{"line":16,"column":6}},"4":{"start":{"line":19,"column":17},"end":{"line":34,"column":5}},"5":{"start":{"line":21,"column":8},"end":{"line":24,"column":9}},"6":{"start":{"line":22,"column":12},"end":{"line":22,"column":61}},"7":{"start":{"line":23,"column":12},"end":{"line":23,"column":18}},"8":{"start":{"line":27,"column":8},"end":{"line":30,"column":9}},"9":{"start":{"line":28,"column":12},"end":{"line":28,"column":23}},"10":{"start":{"line":29,"column":12},"end":{"line":29,"column":18}},"11":{"start":{"line":31,"column":8},"end":{"line":31,"column":25}},"12":{"start":{"line":32,"column":8},"end":{"line":32,"column":35}},"13":{"start":{"line":33,"column":8},"end":{"line":33,"column":65}},"14":{"start":{"line":37,"column":22},"end":{"line":41,"column":5}},"15":{"start":{"line":38,"column":8},"end":{"line":38,"column":23}},"16":{"start":{"line":39,"column":8},"end":{"line":39,"column":28}},"17":{"start":{"line":40,"column":8},"end":{"line":40,"column":37}},"18":{"start":{"line":44,"column":20},"end":{"line":46,"column":5}},"19":{"start":{"line":45,"column":8},"end":{"line":45,"column":26}},"20":{"start":{"line":49,"column":25},"end":{"line":51,"column":5}},"21":{"start":{"line":50,"column":8},"end":{"line":50,"column":30}},"22":{"start":{"line":54,"column":30},"end":{"line":59,"column":5}},"23":{"start":{"line":55,"column":8},"end":{"line":57,"column":9}},"24":{"start":{"line":56,"column":12},"end":{"line":56,"column":70}},"25":{"start":{"line":58,"column":8},"end":{"line":58,"column":17}},"26":{"start":{"line":61,"column":4},"end":{"line":67,"column":5}}},"fnMap":{"0":{"name":"(anonymous_0)","decl":{"start":{"line":10,"column":15},"end":{"line":10,"column":16}},"loc":{"start":{"line":10,"column":38},"end":{"line":68,"column":1}},"line":10},"1":{"name":"(anonymous_1)","decl":{"start":{"line":19,"column":17},"end":{"line":19,"column":18}},"loc":{"start":{"line":19,"column":54},"end":{"line":34,"column":5}},"line":19},"2":{"name":"(anonymous_2)","decl":{"start":{"line":37,"column":22},"end":{"line":37,"column":23}},"loc":{"start":{"line":37,"column":28},"end":{"line":41,"column":5}},"line":37},"3":{"name":"(anonymous_3)","decl":{"start":{"line":44,"column":20},"end":{"line":44,"column":21}},"loc":{"start":{"line":44,"column":26},"end":{"line":46,"column":5}},"line":44},"4":{"name":"(anonymous_4)","decl":{"start":{"line":49,"column":25},"end":{"line":49,"column":26}},"loc":{"start":{"line":49,"column":31},"end":{"line":51,"column":5}},"line":49},"5":{"name":"(anonymous_5)","decl":{"start":{"line":54,"column":30},"end":{"line":54,"column":31}},"loc":{"start":{"line":54,"column":48},"end":{"line":59,"column":5}},"line":54}},"branchMap":{"0":{"loc":{"start":{"line":21,"column":8},"end":{"line":24,"column":9}},"type":"if","locations":[{"start":{"line":21,"column":8},"end":{"line":24,"column":9}},{"start":{},"end":{}}],"line":21},"1":{"loc":{"start":{"line":21,"column":12},"end":{"line":21,"column":64}},"type":"binary-expr","locations":[{"start":{"line":21,"column":12},"end":{"line":21,"column":21}},{"start":{"line":21,"column":25},"end":{"line":21,"column":42}},{"start":{"line":21,"column":46},"end":{"line":21,"column":64}}],"line":21},"2":{"loc":{"start":{"line":27,"column":8},"end":{"line":30,"column":9}},"type":"if","locations":[{"start":{"line":27,"column":8},"end":{"line":30,"column":9}},{"start":{},"end":{}}],"line":27},"3":{"loc":{"start":{"line":27,"column":12},"end":{"line":27,"column":62}},"type":"binary-expr","locations":[{"start":{"line":27,"column":12},"end":{"line":27,"column":30}},{"start":{"line":27,"column":34},"end":{"line":27,"column":62}}],"line":27},"4":{"loc":{"start":{"line":55,"column":8},"end":{"line":57,"column":9}},"type":"if","locations":[{"start":{"line":55,"column":8},"end":{"line":57,"column":9}},{"start":{},"end":{}}],"line":55},"5":{"loc":{"start":{"line":56,"column":19},"end":{"line":56,"column":70}},"type":"cond-expr","locations":[{"start":{"line":56,"column":44},"end":{"line":56,"column":55}},{"start":{"line":56,"column":58},"end":{"line":56,"column":70}}],"line":56}},"s":{"0":1,"1":1,"2":1,"3":13,"4":13,"5":8,"6":1,"7":1,"8":7,"9":1,"10":1,"11":6,"12":6,"13":6,"14":13,"15":1,"16":1,"17":1,"18":13,"19":95,"20":13,"21":68,"22":13,"23":64,"24":7,"25":57,"26":13},"f":{"0":13,"1":8,"2":1,"3":95,"4":68,"5":64},"b":{"0":[1,7],"1":[8,8,4],"2":[1,6],"3":[7,5],"4":[7,57],"5":[4,3]},"_coverageSchema":"1a1c01bbd47fc00a2c39e90264f33305004495a9","hash":"5ca73deb16589a0a2371698ebb206b0f27a83123"}
,"/Users/dustin/Desktop/yangmei/ym-code-testing/src/table/ts/types.ts": {"path":"/Users/dustin/Desktop/yangmei/ym-code-testing/src/table/ts/types.ts","statementMap":{"0":{"start":{"line":63,"column":26},"end":{"line":103,"column":1}},"1":{"start":{"line":66,"column":19},"end":{"line":66,"column":21}},"2":{"start":{"line":70,"column":19},"end":{"line":70,"column":21}},"3":{"start":{"line":83,"column":6},"end":{"line":87,"column":7}},"4":{"start":{"line":93,"column":6},"end":{"line":96,"column":7}}},"fnMap":{"0":{"name":"(anonymous_0)","decl":{"start":{"line":66,"column":13},"end":{"line":66,"column":14}},"loc":{"start":{"line":66,"column":19},"end":{"line":66,"column":21}},"line":66},"1":{"name":"(anonymous_1)","decl":{"start":{"line":70,"column":13},"end":{"line":70,"column":14}},"loc":{"start":{"line":70,"column":19},"end":{"line":70,"column":21}},"line":70},"2":{"name":"(anonymous_2)","decl":{"start":{"line":82,"column":13},"end":{"line":82,"column":14}},"loc":{"start":{"line":82,"column":19},"end":{"line":88,"column":5}},"line":82},"3":{"name":"(anonymous_3)","decl":{"start":{"line":92,"column":13},"end":{"line":92,"column":14}},"loc":{"start":{"line":92,"column":19},"end":{"line":97,"column":5}},"line":92}},"branchMap":{},"s":{"0":1,"1":7,"2":1,"3":10,"4":12},"f":{"0":7,"1":1,"2":10,"3":12},"b":{},"_coverageSchema":"1a1c01bbd47fc00a2c39e90264f33305004495a9","hash":"edbd889fb494fc1ae6e0318c6e1df016c07a297a"}
}
