{"/Users/dustin/Desktop/yangmei/ym-code-testing/demo/data.ts": {"path":"/Users/dustin/Desktop/yangmei/ym-code-testing/demo/data.ts","statementMap":{"0":{"start":{"line":3,"column":23},"end":{"line":14,"column":1}},"1":{"start":{"line":4,"column":17},"end":{"line":4,"column":19}},"2":{"start":{"line":5,"column":4},"end":{"line":12,"column":7}},"3":{"start":{"line":5,"column":17},"end":{"line":5,"column":18}},"4":{"start":{"line":6,"column":8},"end":{"line":11,"column":10}},"5":{"start":{"line":13,"column":4},"end":{"line":13,"column":16}},"6":{"start":{"line":16,"column":28},"end":{"line":28,"column":1}},"7":{"start":{"line":17,"column":15},"end":{"line":17,"column":17}},"8":{"start":{"line":18,"column":15},"end":{"line":18,"column":35}},"9":{"start":{"line":19,"column":2},"end":{"line":26,"column":5}},"10":{"start":{"line":19,"column":15},"end":{"line":19,"column":16}},"11":{"start":{"line":20,"column":6},"end":{"line":25,"column":8}},"12":{"start":{"line":27,"column":2},"end":{"line":27,"column":14}},"13":{"start":{"line":30,"column":26},"end":{"line":46,"column":1}},"14":{"start":{"line":31,"column":4},"end":{"line":45,"column":8}}},"fnMap":{"0":{"name":"(anonymous_0)","decl":{"start":{"line":3,"column":23},"end":{"line":3,"column":24}},"loc":{"start":{"line":3,"column":29},"end":{"line":14,"column":1}},"line":3},"1":{"name":"(anonymous_1)","decl":{"start":{"line":16,"column":28},"end":{"line":16,"column":29}},"loc":{"start":{"line":16,"column":34},"end":{"line":28,"column":1}},"line":16},"2":{"name":"(anonymous_2)","decl":{"start":{"line":30,"column":26},"end":{"line":30,"column":27}},"loc":{"start":{"line":30,"column":32},"end":{"line":46,"column":1}},"line":30}},"branchMap":{},"s":{"0":1,"1":5,"2":5,"3":5,"4":450,"5":5,"6":1,"7":1,"8":1,"9":1,"10":1,"11":5,"12":1,"13":1,"14":6},"f":{"0":5,"1":1,"2":6},"b":{},"_coverageSchema":"1a1c01bbd47fc00a2c39e90264f33305004495a9","hash":"26c3919b0dc5c928d705f74c8d795949d52cc4e7"}
,"/Users/dustin/Desktop/yangmei/ym-code-testing/src/pagination/index.vue": {"path":"/Users/dustin/Desktop/yangmei/ym-code-testing/src/pagination/index.vue","statementMap":{"0":{"start":{"line":34,"column":0},"end":{"line":34,"column":null}},"1":{"start":{"line":36,"column":0},"end":{"line":36,"column":null}},"2":{"start":{"line":37,"column":0},"end":{"line":37,"column":null}},"3":{"start":{"line":39,"column":0},"end":{"line":39,"column":null}},"4":{"start":{"line":41,"column":0},"end":{"line":41,"column":null}},"5":{"start":{"line":45,"column":0},"end":{"line":45,"column":null}},"6":{"start":{"line":60,"column":0},"end":{"line":60,"column":null}},"7":{"start":{"line":63,"column":0},"end":{"line":63,"column":null}},"8":{"start":{"line":66,"column":0},"end":{"line":66,"column":null}},"9":{"start":{"line":69,"column":0},"end":{"line":69,"column":null}},"10":{"start":{"line":70,"column":0},"end":{"line":70,"column":null}},"11":{"start":{"line":72,"column":0},"end":{"line":79,"column":null}},"12":{"start":{"line":75,"column":0},"end":{"line":78,"column":null}},"13":{"start":{"line":76,"column":0},"end":{"line":76,"column":null}},"14":{"start":{"line":77,"column":0},"end":{"line":77,"column":null}},"15":{"start":{"line":82,"column":0},"end":{"line":85,"column":null}},"16":{"start":{"line":83,"column":0},"end":{"line":83,"column":null}},"17":{"start":{"line":84,"column":0},"end":{"line":84,"column":null}},"18":{"start":{"line":87,"column":0},"end":{"line":87,"column":null}}},"fnMap":{"0":{"name":"(anonymous_2)","decl":{"start":{"line":44,"column":0},"end":{"line":44,"column":null}},"loc":{"start":{"line":44,"column":0},"end":{"line":49,"column":null}}},"1":{"name":"(anonymous_3)","decl":{"start":{"line":57,"column":0},"end":{"line":57,"column":null}},"loc":{"start":{"line":57,"column":0},"end":{"line":97,"column":null}}},"2":{"name":"(anonymous_4)","decl":{"start":{"line":63,"column":0},"end":{"line":63,"column":null}},"loc":{"start":{"line":63,"column":0},"end":{"line":63,"column":null}}},"3":{"name":"(anonymous_5)","decl":{"start":{"line":66,"column":0},"end":{"line":66,"column":null}},"loc":{"start":{"line":66,"column":0},"end":{"line":66,"column":null}}},"4":{"name":"(anonymous_6)","decl":{"start":{"line":69,"column":0},"end":{"line":69,"column":null}},"loc":{"start":{"line":69,"column":0},"end":{"line":69,"column":null}}},"5":{"name":"(anonymous_7)","decl":{"start":{"line":70,"column":0},"end":{"line":70,"column":null}},"loc":{"start":{"line":70,"column":0},"end":{"line":70,"column":null}}},"6":{"name":"(anonymous_8)","decl":{"start":{"line":72,"column":0},"end":{"line":72,"column":null}},"loc":{"start":{"line":72,"column":0},"end":{"line":79,"column":null}}},"7":{"name":"(anonymous_9)","decl":{"start":{"line":82,"column":0},"end":{"line":82,"column":null}},"loc":{"start":{"line":82,"column":0},"end":{"line":85,"column":null}}}},"branchMap":{"0":{"loc":{"start":{"line":75,"column":0},"end":{"line":78,"column":null}},"type":"if","locations":[{"start":{"line":75,"column":0},"end":{"line":78,"column":null}}]}},"s":{"0":2,"1":2,"2":2,"3":2,"4":2,"5":1,"6":2,"7":4,"8":4,"9":7,"10":7,"11":2,"12":5,"13":1,"14":1,"15":2,"16":5,"17":5,"18":2},"f":{"0":1,"1":2,"2":2,"3":2,"4":5,"5":5,"6":5,"7":5},"b":{"0":[1]}}
,"/Users/dustin/Desktop/yangmei/ym-code-testing/src/pagination/hooks/pagination.ts": {"path":"/Users/dustin/Desktop/yangmei/ym-code-testing/src/pagination/hooks/pagination.ts","statementMap":{"0":{"start":{"line":4,"column":12},"end":{"line":4,"column":37}},"1":{"start":{"line":9,"column":18},"end":{"line":11,"column":6}},"2":{"start":{"line":14,"column":16},"end":{"line":17,"column":5}},"3":{"start":{"line":15,"column":8},"end":{"line":15,"column":23}},"4":{"start":{"line":16,"column":8},"end":{"line":16,"column":23}},"5":{"start":{"line":20,"column":17},"end":{"line":23,"column":5}},"6":{"start":{"line":21,"column":8},"end":{"line":21,"column":23}},"7":{"start":{"line":22,"column":8},"end":{"line":22,"column":23}},"8":{"start":{"line":29,"column":22},"end":{"line":32,"column":5}},"9":{"start":{"line":30,"column":8},"end":{"line":30,"column":25}},"10":{"start":{"line":31,"column":8},"end":{"line":31,"column":32}},"11":{"start":{"line":34,"column":4},"end":{"line":39,"column":5}}},"fnMap":{"0":{"name":"(anonymous_0)","decl":{"start":{"line":6,"column":15},"end":{"line":6,"column":16}},"loc":{"start":{"line":6,"column":21},"end":{"line":40,"column":1}},"line":6},"1":{"name":"(anonymous_1)","decl":{"start":{"line":14,"column":16},"end":{"line":14,"column":17}},"loc":{"start":{"line":14,"column":22},"end":{"line":17,"column":5}},"line":14},"2":{"name":"(anonymous_2)","decl":{"start":{"line":20,"column":17},"end":{"line":20,"column":18}},"loc":{"start":{"line":20,"column":23},"end":{"line":23,"column":5}},"line":20},"3":{"name":"(anonymous_3)","decl":{"start":{"line":29,"column":22},"end":{"line":29,"column":23}},"loc":{"start":{"line":29,"column":40},"end":{"line":32,"column":5}},"line":29}},"branchMap":{},"s":{"0":2,"1":2,"2":2,"3":1,"4":1,"5":2,"6":1,"7":1,"8":2,"9":2,"10":2,"11":2},"f":{"0":2,"1":1,"2":1,"3":2},"b":{},"_coverageSchema":"1a1c01bbd47fc00a2c39e90264f33305004495a9","hash":"35c03db803a29561913ce10682607089ffbe3ba8"}
,"/Users/dustin/Desktop/yangmei/ym-code-testing/src/table/index.vue": {"path":"/Users/dustin/Desktop/yangmei/ym-code-testing/src/table/index.vue","statementMap":{"0":{"start":{"line":53,"column":0},"end":{"line":53,"column":null}},"1":{"start":{"line":54,"column":0},"end":{"line":54,"column":null}},"2":{"start":{"line":55,"column":0},"end":{"line":55,"column":null}},"3":{"start":{"line":56,"column":0},"end":{"line":56,"column":null}},"4":{"start":{"line":58,"column":0},"end":{"line":58,"column":null}},"5":{"start":{"line":65,"column":0},"end":{"line":65,"column":null}},"6":{"start":{"line":70,"column":0},"end":{"line":70,"column":null}},"7":{"start":{"line":73,"column":0},"end":{"line":73,"column":null}},"8":{"start":{"line":76,"column":0},"end":{"line":76,"column":null}},"9":{"start":{"line":79,"column":0},"end":{"line":91,"column":null}},"10":{"start":{"line":80,"column":0},"end":{"line":80,"column":null}},"11":{"start":{"line":81,"column":0},"end":{"line":81,"column":null}},"12":{"start":{"line":84,"column":0},"end":{"line":87,"column":null}},"13":{"start":{"line":85,"column":0},"end":{"line":85,"column":null}},"14":{"start":{"line":86,"column":0},"end":{"line":86,"column":null}},"15":{"start":{"line":90,"column":0},"end":{"line":90,"column":null}},"16":{"start":{"line":94,"column":0},"end":{"line":110,"column":null}},"17":{"start":{"line":95,"column":0},"end":{"line":95,"column":null}},"18":{"start":{"line":96,"column":0},"end":{"line":109,"column":null}},"19":{"start":{"line":97,"column":0},"end":{"line":97,"column":null}},"20":{"start":{"line":98,"column":0},"end":{"line":106,"column":null}},"21":{"start":{"line":99,"column":0},"end":{"line":101,"column":null}},"22":{"start":{"line":100,"column":0},"end":{"line":100,"column":null}},"23":{"start":{"line":102,"column":0},"end":{"line":104,"column":null}},"24":{"start":{"line":103,"column":0},"end":{"line":103,"column":null}},"25":{"start":{"line":105,"column":0},"end":{"line":105,"column":null}},"26":{"start":{"line":107,"column":0},"end":{"line":107,"column":null}},"27":{"start":{"line":108,"column":0},"end":{"line":108,"column":null}},"28":{"start":{"line":112,"column":0},"end":{"line":112,"column":null}}},"fnMap":{"0":{"name":"(anonymous_2)","decl":{"start":{"line":63,"column":0},"end":{"line":63,"column":null}},"loc":{"start":{"line":63,"column":0},"end":{"line":121,"column":null}}},"1":{"name":"(anonymous_3)","decl":{"start":{"line":70,"column":0},"end":{"line":70,"column":null}},"loc":{"start":{"line":70,"column":0},"end":{"line":70,"column":null}}},"2":{"name":"(anonymous_4)","decl":{"start":{"line":73,"column":0},"end":{"line":73,"column":null}},"loc":{"start":{"line":73,"column":0},"end":{"line":73,"column":null}}},"3":{"name":"(anonymous_5)","decl":{"start":{"line":79,"column":0},"end":{"line":79,"column":null}},"loc":{"start":{"line":79,"column":0},"end":{"line":91,"column":null}}},"4":{"name":"(anonymous_6)","decl":{"start":{"line":94,"column":0},"end":{"line":94,"column":null}},"loc":{"start":{"line":94,"column":0},"end":{"line":110,"column":null}}},"5":{"name":"(anonymous_7)","decl":{"start":{"line":96,"column":0},"end":{"line":96,"column":null}},"loc":{"start":{"line":96,"column":0},"end":{"line":109,"column":null}}}},"branchMap":{"0":{"loc":{"start":{"line":73,"column":0},"end":{"line":73,"column":null}},"type":"binary-expr","locations":[{"start":{"line":73,"column":0},"end":{"line":73,"column":null}},{"start":{"line":73,"column":0},"end":{"line":73,"column":null}}]},"1":{"loc":{"start":{"line":84,"column":0},"end":{"line":87,"column":null}},"type":"if","locations":[{"start":{"line":84,"column":0},"end":{"line":87,"column":null}}]},"2":{"loc":{"start":{"line":95,"column":0},"end":{"line":95,"column":null}},"type":"cond-expr","locations":[{"start":{"line":95,"column":0},"end":{"line":95,"column":null}},{"start":{"line":95,"column":0},"end":{"line":95,"column":null}}]},"3":{"loc":{"start":{"line":98,"column":0},"end":{"line":106,"column":null}},"type":"if","locations":[{"start":{"line":98,"column":0},"end":{"line":106,"column":null}}]},"4":{"loc":{"start":{"line":99,"column":0},"end":{"line":101,"column":null}},"type":"if","locations":[{"start":{"line":99,"column":0},"end":{"line":101,"column":null}}]},"5":{"loc":{"start":{"line":100,"column":0},"end":{"line":100,"column":null}},"type":"cond-expr","locations":[{"start":{"line":100,"column":0},"end":{"line":100,"column":null}},{"start":{"line":100,"column":0},"end":{"line":100,"column":null}}]},"6":{"loc":{"start":{"line":102,"column":0},"end":{"line":104,"column":null}},"type":"if","locations":[{"start":{"line":102,"column":0},"end":{"line":104,"column":null}}]},"7":{"loc":{"start":{"line":103,"column":0},"end":{"line":103,"column":null}},"type":"cond-expr","locations":[{"start":{"line":103,"column":0},"end":{"line":103,"column":null}},{"start":{"line":103,"column":0},"end":{"line":103,"column":null}}]},"8":{"loc":{"start":{"line":108,"column":0},"end":{"line":108,"column":null}},"type":"cond-expr","locations":[{"start":{"line":108,"column":0},"end":{"line":108,"column":null}},{"start":{"line":108,"column":0},"end":{"line":108,"column":null}}]}},"s":{"0":1,"1":1,"2":1,"3":1,"4":1,"5":7,"6":21,"7":15,"8":7,"9":7,"10":14,"11":14,"12":14,"13":7,"14":7,"15":7,"16":7,"17":7,"18":7,"19":291,"20":291,"21":283,"22":275,"23":8,"24":6,"25":2,"26":8,"27":8,"28":7},"f":{"0":7,"1":14,"2":8,"3":14,"4":7,"5":291},"b":{"0":[8,1],"1":[7],"2":[4,3],"3":[283],"4":[275],"5":[181,94],"6":[6],"7":[4,2],"8":[4,4]}}
,"/Users/dustin/Desktop/yangmei/ym-code-testing/src/table/types.ts": {"path":"/Users/dustin/Desktop/yangmei/ym-code-testing/src/table/types.ts","statementMap":{"0":{"start":{"line":65,"column":26},"end":{"line":95,"column":1}},"1":{"start":{"line":68,"column":19},"end":{"line":68,"column":21}},"2":{"start":{"line":72,"column":19},"end":{"line":72,"column":21}},"3":{"start":{"line":85,"column":6},"end":{"line":88,"column":7}}},"fnMap":{"0":{"name":"(anonymous_0)","decl":{"start":{"line":68,"column":13},"end":{"line":68,"column":14}},"loc":{"start":{"line":68,"column":19},"end":{"line":68,"column":21}},"line":68},"1":{"name":"(anonymous_1)","decl":{"start":{"line":72,"column":13},"end":{"line":72,"column":14}},"loc":{"start":{"line":72,"column":19},"end":{"line":72,"column":21}},"line":72},"2":{"name":"(anonymous_2)","decl":{"start":{"line":84,"column":13},"end":{"line":84,"column":14}},"loc":{"start":{"line":84,"column":19},"end":{"line":89,"column":5}},"line":84}},"branchMap":{},"s":{"0":1,"1":2,"2":1,"3":5},"f":{"0":2,"1":1,"2":5},"b":{},"_coverageSchema":"1a1c01bbd47fc00a2c39e90264f33305004495a9","hash":"213b1e51f5320f38ba0c1bbb3941834d69b53ff0"}
,"/Users/dustin/Desktop/yangmei/ym-code-testing/src/table/hooks/sort.ts": {"path":"/Users/dustin/Desktop/yangmei/ym-code-testing/src/table/hooks/sort.ts","statementMap":{"0":{"start":{"line":5,"column":14},"end":{"line":5,"column":39}},"1":{"start":{"line":6,"column":12},"end":{"line":6,"column":35}},"2":{"start":{"line":8,"column":12},"end":{"line":8,"column":17}},"3":{"start":{"line":9,"column":16},"end":{"line":9,"column":27}},"4":{"start":{"line":10,"column":17},"end":{"line":10,"column":29}},"5":{"start":{"line":15,"column":18},"end":{"line":18,"column":6}},"6":{"start":{"line":21,"column":17},"end":{"line":32,"column":5}},"7":{"start":{"line":24,"column":8},"end":{"line":27,"column":9}},"8":{"start":{"line":25,"column":12},"end":{"line":25,"column":23}},"9":{"start":{"line":26,"column":12},"end":{"line":26,"column":18}},"10":{"start":{"line":28,"column":8},"end":{"line":28,"column":25}},"11":{"start":{"line":29,"column":8},"end":{"line":29,"column":35}},"12":{"start":{"line":30,"column":8},"end":{"line":30,"column":19}},"13":{"start":{"line":31,"column":8},"end":{"line":31,"column":61}},"14":{"start":{"line":35,"column":22},"end":{"line":39,"column":5}},"15":{"start":{"line":36,"column":8},"end":{"line":36,"column":23}},"16":{"start":{"line":37,"column":8},"end":{"line":37,"column":28}},"17":{"start":{"line":38,"column":8},"end":{"line":38,"column":33}},"18":{"start":{"line":42,"column":20},"end":{"line":42,"column":36}},"19":{"start":{"line":42,"column":26},"end":{"line":42,"column":36}},"20":{"start":{"line":45,"column":25},"end":{"line":45,"column":46}},"21":{"start":{"line":45,"column":31},"end":{"line":45,"column":46}},"22":{"start":{"line":48,"column":30},"end":{"line":53,"column":5}},"23":{"start":{"line":49,"column":8},"end":{"line":51,"column":9}},"24":{"start":{"line":50,"column":12},"end":{"line":50,"column":62}},"25":{"start":{"line":52,"column":8},"end":{"line":52,"column":17}},"26":{"start":{"line":55,"column":4},"end":{"line":61,"column":5}}},"fnMap":{"0":{"name":"(anonymous_0)","decl":{"start":{"line":12,"column":15},"end":{"line":12,"column":16}},"loc":{"start":{"line":12,"column":38},"end":{"line":62,"column":1}},"line":12},"1":{"name":"(anonymous_1)","decl":{"start":{"line":21,"column":17},"end":{"line":21,"column":18}},"loc":{"start":{"line":21,"column":61},"end":{"line":32,"column":5}},"line":21},"2":{"name":"(anonymous_2)","decl":{"start":{"line":35,"column":22},"end":{"line":35,"column":23}},"loc":{"start":{"line":35,"column":28},"end":{"line":39,"column":5}},"line":35},"3":{"name":"(anonymous_3)","decl":{"start":{"line":42,"column":20},"end":{"line":42,"column":21}},"loc":{"start":{"line":42,"column":26},"end":{"line":42,"column":36}},"line":42},"4":{"name":"(anonymous_4)","decl":{"start":{"line":45,"column":25},"end":{"line":45,"column":26}},"loc":{"start":{"line":45,"column":31},"end":{"line":45,"column":46}},"line":45},"5":{"name":"(anonymous_5)","decl":{"start":{"line":48,"column":30},"end":{"line":48,"column":31}},"loc":{"start":{"line":48,"column":48},"end":{"line":53,"column":5}},"line":48}},"branchMap":{"0":{"loc":{"start":{"line":24,"column":8},"end":{"line":27,"column":9}},"type":"if","locations":[{"start":{"line":24,"column":8},"end":{"line":27,"column":9}},{"start":{},"end":{}}],"line":24},"1":{"loc":{"start":{"line":24,"column":12},"end":{"line":24,"column":62}},"type":"binary-expr","locations":[{"start":{"line":24,"column":12},"end":{"line":24,"column":30}},{"start":{"line":24,"column":34},"end":{"line":24,"column":62}}],"line":24},"2":{"loc":{"start":{"line":49,"column":8},"end":{"line":51,"column":9}},"type":"if","locations":[{"start":{"line":49,"column":8},"end":{"line":51,"column":9}},{"start":{},"end":{}}],"line":49},"3":{"loc":{"start":{"line":50,"column":19},"end":{"line":50,"column":62}},"type":"cond-expr","locations":[{"start":{"line":50,"column":44},"end":{"line":50,"column":51}},{"start":{"line":50,"column":54},"end":{"line":50,"column":62}}],"line":50}},"s":{"0":1,"1":1,"2":1,"3":1,"4":1,"5":7,"6":7,"7":6,"8":1,"9":1,"10":5,"11":5,"12":5,"13":5,"14":7,"15":1,"16":1,"17":1,"18":7,"19":72,"20":7,"21":310,"22":7,"23":52,"24":7,"25":45,"26":7},"f":{"0":7,"1":6,"2":1,"3":72,"4":310,"5":52},"b":{"0":[1,5],"1":[6,5],"2":[7,45],"3":[4,3]},"_coverageSchema":"1a1c01bbd47fc00a2c39e90264f33305004495a9","hash":"b6ac56db237495aaee7c234b8880c6f3436d7686"}
}
