TN:
SF:demo/data.ts
FN:3,(anonymous_0)
FN:16,(anonymous_1)
FNF:2
FNH:2
FNDA:8,(anonymous_0)
FNDA:7,(anonymous_1)
DA:3,1
DA:4,8
DA:5,8
DA:6,720
DA:13,8
DA:16,1
DA:17,7
LF:7
LH:7
BRF:0
BRH:0
end_of_record
TN:
SF:src/table/index.vue
FN:75,(anonymous_2)
FN:85,(anonymous_3)
FN:88,(anonymous_4)
FN:91,(anonymous_5)
FN:94,(anonymous_6)
FN:100,(anonymous_7)
FN:115,(anonymous_8)
FN:117,(anonymous_9)
FN:137,(anonymous_10)
FNF:9
FNH:9
FNDA:13,(anonymous_2)
FNDA:1,(anonymous_3)
FNDA:24,(anonymous_4)
FNDA:16,(anonymous_5)
FNDA:16,(anonymous_6)
FNDA:24,(anonymous_7)
FNDA:7,(anonymous_8)
FNDA:49,(anonymous_9)
FNDA:1,(anonymous_10)
DA:60,1
DA:61,1
DA:62,1
DA:63,1
DA:64,1
DA:65,1
DA:67,1
DA:76,13
DA:82,13
DA:85,14
DA:88,37
DA:91,29
DA:94,29
DA:97,13
DA:100,13
DA:101,24
DA:102,24
DA:105,24
DA:106,17
DA:107,17
DA:111,7
DA:115,13
DA:116,7
DA:117,7
DA:118,49
DA:119,49
DA:120,38
DA:121,30
DA:123,8
DA:124,5
DA:126,3
DA:128,11
DA:129,11
DA:137,13
DA:138,1
DA:141,13
LF:36
LH:36
BRDA:105,0,0,17
BRDA:116,1,0,4
BRDA:116,1,1,3
BRDA:119,2,0,38
BRDA:120,3,0,30
BRDA:121,4,0,19
BRDA:121,4,1,11
BRDA:123,5,0,5
BRDA:124,6,0,3
BRDA:124,6,1,2
BRDA:129,7,0,5
BRDA:129,7,1,6
BRF:12
BRH:12
end_of_record
TN:
SF:src/table/components/pagination.vue
FN:49,(anonymous_1)
FN:50,(anonymous_2)
FN:51,(anonymous_3)
FN:52,(anonymous_4)
FNF:4
FNH:4
FNDA:1,(anonymous_1)
FNDA:4,(anonymous_2)
FNDA:4,(anonymous_3)
FNDA:1,(anonymous_4)
DA:34,1
DA:50,5
DA:51,5
DA:52,1
DA:54,1
DA:55,1
DA:56,1
DA:57,9
DA:59,1
DA:62,1
LF:10
LH:10
BRF:0
BRH:0
end_of_record
TN:
SF:src/table/ts/pagination.ts
FN:6,(anonymous_0)
FN:14,(anonymous_1)
FN:20,(anonymous_2)
FN:29,(anonymous_3)
FNF:4
FNH:4
FNDA:13,(anonymous_0)
FNDA:1,(anonymous_1)
FNDA:1,(anonymous_2)
FNDA:1,(anonymous_3)
DA:4,1
DA:9,13
DA:14,13
DA:15,1
DA:16,1
DA:20,13
DA:21,1
DA:22,1
DA:29,13
DA:30,1
DA:31,1
DA:34,13
LF:12
LH:12
BRF:0
BRH:0
end_of_record
TN:
SF:src/table/ts/sort.ts
FN:10,(anonymous_0)
FN:19,(anonymous_1)
FN:37,(anonymous_2)
FN:44,(anonymous_3)
FN:49,(anonymous_4)
FN:54,(anonymous_5)
FNF:6
FNH:6
FNDA:13,(anonymous_0)
FNDA:8,(anonymous_1)
FNDA:1,(anonymous_2)
FNDA:95,(anonymous_3)
FNDA:68,(anonymous_4)
FNDA:64,(anonymous_5)
DA:5,1
DA:7,1
DA:8,1
DA:13,13
DA:19,13
DA:21,8
DA:22,1
DA:23,1
DA:27,7
DA:28,1
DA:29,1
DA:31,6
DA:32,6
DA:33,6
DA:37,13
DA:38,1
DA:39,1
DA:40,1
DA:44,13
DA:45,95
DA:49,13
DA:50,68
DA:54,13
DA:55,64
DA:56,7
DA:58,57
DA:61,13
LF:27
LH:27
BRDA:21,0,0,1
BRDA:21,0,1,7
BRDA:21,1,0,8
BRDA:21,1,1,8
BRDA:21,1,2,4
BRDA:27,2,0,1
BRDA:27,2,1,6
BRDA:27,3,0,7
BRDA:27,3,1,5
BRDA:55,4,0,7
BRDA:55,4,1,57
BRDA:56,5,0,4
BRDA:56,5,1,3
BRF:13
BRH:13
end_of_record
TN:
SF:src/table/ts/types.ts
FN:66,(anonymous_0)
FN:70,(anonymous_1)
FN:82,(anonymous_2)
FN:92,(anonymous_3)
FNF:4
FNH:4
FNDA:7,(anonymous_0)
FNDA:1,(anonymous_1)
FNDA:10,(anonymous_2)
FNDA:12,(anonymous_3)
DA:63,1
DA:66,7
DA:70,1
DA:83,10
DA:93,12
LF:5
LH:5
BRF:0
BRH:0
end_of_record
