TN:
SF:demo/data.ts
FN:3,(anonymous_0)
FN:16,(anonymous_1)
FN:30,(anonymous_2)
FNF:3
FNH:3
FNDA:5,(anonymous_0)
FNDA:1,(anonymous_1)
FNDA:6,(anonymous_2)
DA:3,1
DA:4,5
DA:5,5
DA:6,450
DA:13,5
DA:16,1
DA:17,1
DA:18,1
DA:19,1
DA:20,5
DA:27,1
DA:30,1
DA:31,6
LF:13
LH:13
BRF:0
BRH:0
end_of_record
TN:
SF:src/pagination/index.vue
FN:44,(anonymous_2)
FN:57,(anonymous_3)
FN:63,(anonymous_4)
FN:66,(anonymous_5)
FN:69,(anonymous_6)
FN:70,(anonymous_7)
FN:72,(anonymous_8)
FN:82,(anonymous_9)
FNF:8
FNH:8
FNDA:1,(anonymous_2)
FNDA:2,(anonymous_3)
FNDA:2,(anonymous_4)
FNDA:2,(anonymous_5)
FNDA:5,(anonymous_6)
FNDA:5,(anonymous_7)
FNDA:5,(anonymous_8)
FNDA:5,(anonymous_9)
DA:34,2
DA:36,2
DA:37,2
DA:39,2
DA:41,2
DA:45,1
DA:60,2
DA:63,4
DA:66,4
DA:69,7
DA:70,7
DA:72,2
DA:75,5
DA:76,1
DA:77,1
DA:82,2
DA:83,5
DA:84,5
DA:87,2
LF:19
LH:19
BRDA:75,0,0,1
BRF:1
BRH:1
end_of_record
TN:
SF:src/pagination/hooks/pagination.ts
FN:6,(anonymous_0)
FN:14,(anonymous_1)
FN:20,(anonymous_2)
FN:29,(anonymous_3)
FNF:4
FNH:4
FNDA:2,(anonymous_0)
FNDA:1,(anonymous_1)
FNDA:1,(anonymous_2)
FNDA:2,(anonymous_3)
DA:4,2
DA:9,2
DA:14,2
DA:15,1
DA:16,1
DA:20,2
DA:21,1
DA:22,1
DA:29,2
DA:30,2
DA:31,2
DA:34,2
LF:12
LH:12
BRF:0
BRH:0
end_of_record
TN:
SF:src/table/index.vue
FN:63,(anonymous_2)
FN:70,(anonymous_3)
FN:73,(anonymous_4)
FN:79,(anonymous_5)
FN:94,(anonymous_6)
FN:96,(anonymous_7)
FNF:6
FNH:6
FNDA:7,(anonymous_2)
FNDA:14,(anonymous_3)
FNDA:8,(anonymous_4)
FNDA:14,(anonymous_5)
FNDA:7,(anonymous_6)
FNDA:291,(anonymous_7)
DA:53,1
DA:54,1
DA:55,1
DA:56,1
DA:58,1
DA:65,7
DA:70,21
DA:73,15
DA:76,7
DA:79,7
DA:80,14
DA:81,14
DA:84,14
DA:85,7
DA:86,7
DA:90,7
DA:94,7
DA:95,7
DA:96,7
DA:97,291
DA:98,291
DA:99,283
DA:100,275
DA:102,8
DA:103,6
DA:105,2
DA:107,8
DA:108,8
DA:112,7
LF:29
LH:29
BRDA:73,0,0,8
BRDA:73,0,1,1
BRDA:84,1,0,7
BRDA:95,2,0,4
BRDA:95,2,1,3
BRDA:98,3,0,283
BRDA:99,4,0,275
BRDA:100,5,0,181
BRDA:100,5,1,94
BRDA:102,6,0,6
BRDA:103,7,0,4
BRDA:103,7,1,2
BRDA:108,8,0,4
BRDA:108,8,1,4
BRF:14
BRH:14
end_of_record
TN:
SF:src/table/types.ts
FN:68,(anonymous_0)
FN:72,(anonymous_1)
FN:84,(anonymous_2)
FNF:3
FNH:3
FNDA:2,(anonymous_0)
FNDA:1,(anonymous_1)
FNDA:5,(anonymous_2)
DA:65,1
DA:68,2
DA:72,1
DA:85,5
LF:4
LH:4
BRF:0
BRH:0
end_of_record
TN:
SF:src/table/hooks/sort.ts
FN:12,(anonymous_0)
FN:21,(anonymous_1)
FN:35,(anonymous_2)
FN:42,(anonymous_3)
FN:45,(anonymous_4)
FN:48,(anonymous_5)
FNF:6
FNH:6
FNDA:7,(anonymous_0)
FNDA:6,(anonymous_1)
FNDA:1,(anonymous_2)
FNDA:72,(anonymous_3)
FNDA:310,(anonymous_4)
FNDA:52,(anonymous_5)
DA:5,1
DA:6,1
DA:8,1
DA:9,1
DA:10,1
DA:15,7
DA:21,7
DA:24,6
DA:25,1
DA:26,1
DA:28,5
DA:29,5
DA:30,5
DA:31,5
DA:35,7
DA:36,1
DA:37,1
DA:38,1
DA:42,72
DA:45,310
DA:48,7
DA:49,52
DA:50,7
DA:52,45
DA:55,7
LF:25
LH:25
BRDA:24,0,0,1
BRDA:24,0,1,5
BRDA:24,1,0,6
BRDA:24,1,1,5
BRDA:49,2,0,7
BRDA:49,2,1,45
BRDA:50,3,0,4
BRDA:50,3,1,3
BRF:8
BRH:8
end_of_record
